#
# There is insufficient memory for the Java Runtime Environment to continue.
# Native memory allocation (mmap) failed to map 201326592 bytes for G1 virtual space
# Possible reasons:
#   The system is out of physical RAM or swap space
#   The process is running with CompressedOops enabled, and the Java Heap may be blocking the growth of the native heap
# Possible solutions:
#   Reduce memory load on the system
#   Increase physical memory or swap space
#   Check if swap backing store is full
#   Decrease Java heap size (-Xmx/-Xms)
#   Decrease number of Java threads
#   Decrease Java thread stack sizes (-Xss)
#   Set larger code cache with -XX:ReservedCodeCacheSize=
#   JVM is running with Zero Based Compressed Oops mode in which the Java heap is
#     placed in the first 32GB address space. The Java Heap base address is the
#     maximum limit for the native heap growth. Please use -XX:HeapBaseMinAddress
#     to set the Java Heap base and to place the Java Heap above 32GB virtual address.
# This output file may be truncated or incomplete.
#
#  Out of Memory Error (os_windows.cpp:3532), pid=25576, tid=24092
#
# JRE version:  (17.0.2+8) (build )
# Java VM: Java HotSpot(TM) 64-Bit Server VM (17.0.2+8-LTS-86, mixed mode, sharing, tiered, compressed oops, compressed class ptrs, g1 gc, windows-amd64)
# No core dump will be written. Minidumps are not enabled by default on client versions of Windows
#

---------------  S U M M A R Y ------------

Command Line: -Dfile.encoding=UTF-8 --module-path=C:\Users\Jagriti\Documents\NetBeansProjects\Bank Management Systems\build\classes bank.management.systems.Transactions

Host: Intel(R) Core(TM) i3-8130U CPU @ 2.20GHz, 4 cores, 11G,  Windows 11 , 64 bit Build 26100 (10.0.26100.2454)
Time: Fri Feb  7 20:25:15 2025 India Standard Time elapsed time: 0.021447 seconds (0d 0h 0m 0s)

---------------  T H R E A D  ---------------

Current thread (0x000002bb6f46b870):  JavaThread "Unknown thread" [_thread_in_vm, id=24092, stack(0x000000cdb7900000,0x000000cdb7a00000)]

Stack: [0x000000cdb7900000,0x000000cdb7a00000]
Native frames: (J=compiled Java code, j=interpreted, Vv=VM code, C=native code)
V  [jvm.dll+0x670baa]
V  [jvm.dll+0x7cfcb4]
V  [jvm.dll+0x7d145e]
V  [jvm.dll+0x7d1ac3]
V  [jvm.dll+0x242bc5]
V  [jvm.dll+0x66dac9]
V  [jvm.dll+0x662412]
V  [jvm.dll+0x300c0b]
V  [jvm.dll+0x3081a6]
V  [jvm.dll+0x357d0e]
V  [jvm.dll+0x357f3f]
V  [jvm.dll+0x2d7ec8]
V  [jvm.dll+0x2d8e34]
V  [jvm.dll+0x7a18c1]
V  [jvm.dll+0x365a91]
V  [jvm.dll+0x780d2c]
V  [jvm.dll+0x3e845f]
V  [jvm.dll+0x3e9f01]
C  [jli.dll+0x527b]
C  [ucrtbase.dll+0x14ea0]
C  [KERNEL32.DLL+0x2e8d7]
C  [ntdll.dll+0xdfbcc]


---------------  P R O C E S S  ---------------

Threads class SMR info:
_java_thread_list=0x00007ffb17cb9858, length=0, elements={
}

Java Threads: ( => current thread )

Other Threads:
  0x000002bb6f4ac980 GCTaskThread "GC Thread#0" [stack: 0x000000cdb7a00000,0x000000cdb7b00000] [id=26304]
  0x000002bb6f4b9750 ConcurrentGCThread "G1 Main Marker" [stack: 0x000000cdb7b00000,0x000000cdb7c00000] [id=24480]
  0x000002bb6f4bccf0 ConcurrentGCThread "G1 Conc#0" [stack: 0x000000cdb7c00000,0x000000cdb7d00000] [id=28060]

[error occurred during error reporting (printing all threads), id 0xc0000005, EXCEPTION_ACCESS_VIOLATION (0xc0000005) at pc=0x00007ffb175088a7]

VM state: not at safepoint (not fully initialized)

VM Mutex/Monitor currently owned by a thread:  ([mutex/lock_event])
[0x000002bb6d2544c0] Heap_lock - owner thread: 0x000002bb6f46b870

Heap address: 0x0000000741600000, size: 3050 MB, Compressed Oops mode: Zero based, Oop shift amount: 3

CDS archive(s) mapped at: [0x0000000000000000-0x0000000000000000-0x0000000000000000), size 0, SharedBaseAddress: 0x0000000800000000, ArchiveRelocationMode: 0.
Narrow klass base: 0x0000000000000000, Narrow klass shift: 0, Narrow klass range: 0x0

GC Precious Log:
<Empty>

Heap:
 garbage-first heap   total 0K, used 0K [0x0000000741600000, 0x0000000800000000)
  region size 2048K, 0 young (0K), 0 survivors (0K)

[error occurred during error reporting (printing heap information), id 0xc0000005, EXCEPTION_ACCESS_VIOLATION (0xc0000005) at pc=0x00007ffb178e9f19]

GC Heap History (0 events):
No events

Deoptimization events (0 events):
No events

Classes unloaded (0 events):
No events

Classes redefined (0 events):
No events

Internal exceptions (0 events):
No events

VM Operations (0 events):
No events

Events (1 events):
Event: 0.013 Loaded shared library C:\Program Files\Java\jdk-17.0.2\bin\java.dll


Dynamic libraries:
0x00007ff64d2d0000 - 0x00007ff64d2e0000 	C:\Program Files\Java\jdk-17.0.2\bin\java.exe
0x00007ffb7fda0000 - 0x00007ffb80003000 	C:\WINDOWS\SYSTEM32\ntdll.dll
0x00007ffb7eda0000 - 0x00007ffb7ee68000 	C:\WINDOWS\System32\KERNEL32.DLL
0x00007ffb7d450000 - 0x00007ffb7d802000 	C:\WINDOWS\System32\KERNELBASE.dll
0x00007ffb7d8d0000 - 0x00007ffb7da1b000 	C:\WINDOWS\System32\ucrtbase.dll
0x00007ffb1ee50000 - 0x00007ffb1ee6a000 	C:\Program Files\Java\jdk-17.0.2\bin\VCRUNTIME140.dll
0x00007ffafa970000 - 0x00007ffafa988000 	C:\Program Files\Java\jdk-17.0.2\bin\jli.dll
0x00007ffb7ee70000 - 0x00007ffb7ef24000 	C:\WINDOWS\System32\ADVAPI32.dll
0x00007ffb7fa80000 - 0x00007ffb7fb29000 	C:\WINDOWS\System32\msvcrt.dll
0x00007ffb7eaa0000 - 0x00007ffb7eb46000 	C:\WINDOWS\System32\sechost.dll
0x00007ffb7fc10000 - 0x00007ffb7fd26000 	C:\WINDOWS\System32\RPCRT4.dll
0x00007ffb7ef30000 - 0x00007ffb7f0f8000 	C:\WINDOWS\System32\USER32.dll
0x00007ffb7d420000 - 0x00007ffb7d447000 	C:\WINDOWS\System32\win32u.dll
0x00007ffb7fd30000 - 0x00007ffb7fd5a000 	C:\WINDOWS\System32\GDI32.dll
0x00007ffb7dad0000 - 0x00007ffb7dbfb000 	C:\WINDOWS\System32\gdi32full.dll
0x00007ffb7da20000 - 0x00007ffb7dac3000 	C:\WINDOWS\System32\msvcp_win.dll
0x00007ffb654c0000 - 0x00007ffb65750000 	C:\WINDOWS\WinSxS\amd64_microsoft.windows.common-controls_6595b64144ccf1df_6.0.26100.2454_none_3e0b68a2e331ad60\COMCTL32.dll
0x00007ffb75f10000 - 0x00007ffb75f1b000 	C:\WINDOWS\SYSTEM32\VERSION.dll
0x00007ffb7f100000 - 0x00007ffb7f12f000 	C:\WINDOWS\System32\IMM32.DLL
0x00007ffb1ee40000 - 0x00007ffb1ee4c000 	C:\Program Files\Java\jdk-17.0.2\bin\vcruntime140_1.dll
0x00007ffb17000000 - 0x00007ffb1708d000 	C:\Program Files\Java\jdk-17.0.2\bin\msvcp140.dll
0x00007ffb17220000 - 0x00007ffb17de1000 	C:\Program Files\Java\jdk-17.0.2\bin\server\jvm.dll
0x00007ffb7dc70000 - 0x00007ffb7dc78000 	C:\WINDOWS\System32\PSAPI.DLL
0x00007ffb78d10000 - 0x00007ffb78d46000 	C:\WINDOWS\SYSTEM32\WINMM.dll
0x00007ffb5cb60000 - 0x00007ffb5cb6a000 	C:\WINDOWS\SYSTEM32\WSOCK32.dll
0x00007ffb7e590000 - 0x00007ffb7e604000 	C:\WINDOWS\System32\WS2_32.dll
0x00007ffb7c0c0000 - 0x00007ffb7c0da000 	C:\WINDOWS\SYSTEM32\kernel.appcore.dll
0x00007ffb1edc0000 - 0x00007ffb1edca000 	C:\Program Files\Java\jdk-17.0.2\bin\jimage.dll
0x00007ffb6b9a0000 - 0x00007ffb6bbe1000 	C:\WINDOWS\SYSTEM32\DBGHELP.DLL
0x00007ffb7f420000 - 0x00007ffb7f79e000 	C:\WINDOWS\System32\combase.dll
0x00007ffb7fb30000 - 0x00007ffb7fc06000 	C:\WINDOWS\System32\OLEAUT32.dll
0x00007ffb6aeb0000 - 0x00007ffb6aee9000 	C:\WINDOWS\SYSTEM32\dbgcore.DLL
0x00007ffb7d200000 - 0x00007ffb7d299000 	C:\WINDOWS\System32\bcryptPrimitives.dll
0x00007ffb1edd0000 - 0x00007ffb1edf5000 	C:\Program Files\Java\jdk-17.0.2\bin\java.dll

dbghelp: loaded successfully - version: 4.0.5 - missing functions: none
symbol engine: initialized successfully - sym options: 0x614 - pdb path: .;C:\Program Files\Java\jdk-17.0.2\bin;C:\WINDOWS\SYSTEM32;C:\WINDOWS\WinSxS\amd64_microsoft.windows.common-controls_6595b64144ccf1df_6.0.26100.2454_none_3e0b68a2e331ad60;C:\Program Files\Java\jdk-17.0.2\bin\server

VM Arguments:
jvm_args: -Dfile.encoding=UTF-8 --module-path=C:\Users\Jagriti\Documents\NetBeansProjects\Bank Management Systems\build\classes 
java_command: bank.management.systems.Transactions
java_class_path (initial): C:\Users\Jagriti\Downloads\jcalendar-tz-1.3.3-4.jar;C:\Users\Jagriti\Downloads\mysql-connector-java-8.0.28.jar;C:\Users\Jagriti\Documents\NetBeansProjects\Bank Management Systems\build\classes
Launcher Type: SUN_STANDARD

[Global flags]
     intx CICompilerCount                          = 3                                         {product} {ergonomic}
     uint ConcGCThreads                            = 1                                         {product} {ergonomic}
     uint G1ConcRefinementThreads                  = 4                                         {product} {ergonomic}
   size_t G1HeapRegionSize                         = 2097152                                   {product} {ergonomic}
    uintx GCDrainStackTargetSize                   = 64                                        {product} {ergonomic}
   size_t InitialHeapSize                          = 201326592                                 {product} {ergonomic}
   size_t MarkStackSize                            = 4194304                                   {product} {ergonomic}
   size_t MaxHeapSize                              = 3198156800                                {product} {ergonomic}
   size_t MinHeapDeltaBytes                        = 2097152                                   {product} {ergonomic}
   size_t MinHeapSize                              = 8388608                                   {product} {ergonomic}
    uintx NonNMethodCodeHeapSize                   = 5832780                                {pd product} {ergonomic}
    uintx NonProfiledCodeHeapSize                  = 122912730                              {pd product} {ergonomic}
    uintx ProfiledCodeHeapSize                     = 122912730                              {pd product} {ergonomic}
    uintx ReservedCodeCacheSize                    = 251658240                              {pd product} {ergonomic}
     bool SegmentedCodeCache                       = true                                      {product} {ergonomic}
   size_t SoftMaxHeapSize                          = 3198156800                             {manageable} {ergonomic}
     bool UseCompressedClassPointers               = true                           {product lp64_product} {ergonomic}
     bool UseCompressedOops                        = true                           {product lp64_product} {ergonomic}
     bool UseG1GC                                  = true                                      {product} {ergonomic}
     bool UseLargePagesIndividualAllocation        = false                                  {pd product} {ergonomic}

Logging:
Log output configuration:
 #0: stdout all=warning uptime,level,tags
 #1: stderr all=off uptime,level,tags

Environment Variables:
PATH=C:\Program Files\Common Files\Oracle\Java\javapath;C:\WINDOWS\system32;C:\WINDOWS;C:\WINDOWS\System32\Wbem;C:\WINDOWS\System32\WindowsPowerShell\v1.0\;C:\WINDOWS\System32\OpenSSH\;C:\Program Files\Java\jdk-17.0.2\bin;C:\Program Files\MySQL\MySQL Shell 8.0\bin\;C:\Users\Jagriti\AppData\Local\Microsoft\WindowsApps;;C:\Users\Jagriti\AppData\Local\Programs\Microsoft VS Code\bin
USERNAME=Office
OS=Windows_NT
PROCESSOR_IDENTIFIER=Intel64 Family 6 Model 142 Stepping 10, GenuineIntel



---------------  S Y S T E M  ---------------

OS:
 Windows 11 , 64 bit Build 26100 (10.0.26100.2454)
OS uptime: 7 days 7:32 hours

CPU: total 4 (initial active 4) (2 cores per cpu, 2 threads per core) family 6 model 142 stepping 10 microcode 0xe0, cx8, cmov, fxsr, ht, mmx, 3dnowpref, sse, sse2, sse3, ssse3, sse4.1, sse4.2, popcnt, lzcnt, tsc, tscinvbit, avx, avx2, aes, erms, clmul, bmi1, bmi2, adx, fma, vzeroupper, clflush, clflushopt

Memory: 4k page, system-wide physical 12197M (1924M free)
TotalPageFile size 41910M (AvailPageFile size 46M)
current process WorkingSet (physical memory assigned to process): 12M, peak: 12M
current process commit charge ("private bytes"): 51M, peak: 243M

vm_info: Java HotSpot(TM) 64-Bit Server VM (17.0.2+8-LTS-86) for windows-amd64 JRE (17.0.2+8-LTS-86), built on Dec  7 2021 21:51:03 by "mach5one" with MS VC++ 16.8 / 16.9 (VS2019)

END.
